#
# There is insufficient memory for the Java Runtime Environment to continue.
# Native memory allocation (malloc) failed to allocate 1449368 bytes. Error detail: Chunk::new
# Possible reasons:
#   The system is out of physical RAM or swap space
#   This process is running with CompressedOops enabled, and the Java Heap may be blocking the growth of the native heap
# Possible solutions:
#   Reduce memory load on the system
#   Increase physical memory or swap space
#   Check if swap backing store is full
#   Decrease Java heap size (-Xmx/-Xms)
#   Decrease number of Java threads
#   Decrease Java thread stack sizes (-Xss)
#   Set larger code cache with -XX:ReservedCodeCacheSize=
#   JVM is running with Zero Based Compressed Oops mode in which the Java heap is
#     placed in the first 32GB address space. The Java Heap base address is the
#     maximum limit for the native heap growth. Please use -XX:HeapBaseMinAddress
#     to set the Java Heap base and to place the Java Heap above 32GB virtual address.
# This output file may be truncated or incomplete.
#
#  Out of Memory Error (arena.cpp:186), pid=17960, tid=13968
#
# JRE version: OpenJDK Runtime Environment (25.0.1+8) (build 25.0.1+8-27)
# Java VM: OpenJDK 64-Bit Server VM (25.0.1+8-27, mixed mode, sharing, tiered, compressed oops, compressed class ptrs, g1 gc, windows-amd64)
# No core dump will be written. Minidumps are not enabled by default on client versions of Windows
#

---------------  S U M M A R Y ------------

Command Line: -javaagent:C:\Users\ladok\AppData\Local\JetBrains\IdeaIC2025.2\captureAgent\debugger-agent.jar=file:///C:/Users/ladok/AppData/Local/Temp/capture4000164459551874300.props -ea -Didea.test.cyclic.buffer.size=1048576 -javaagent:D:\intelijd\IntelliJ IDEA Community Edition 2025.2.4\lib\idea_rt.jar=58729 -Dkotlinx.coroutines.debug.enable.creation.stack.trace=false -Ddebugger.agent.enable.coroutines=true -Dkotlinx.coroutines.debug.enable.flows.stack.trace=true -Dkotlinx.coroutines.debug.enable.mutable.state.flows.stack.trace=true -Dfile.encoding=UTF-8 -Dsun.stdout.encoding=UTF-8 -Dsun.stderr.encoding=UTF-8 com.intellij.rt.testng.RemoteTestNGStarter -usedefaultlisteners false -socket58728 @w@C:\Users\ladok\AppData\Local\Temp\idea_working_dirs_testng.tmp -temp C:\Users\ladok\AppData\Local\Temp\idea_testng.tmp

Host: 11th Gen Intel(R) Core(TM) i7-11800H @ 2.30GHz, 16 cores, 15G,  Windows 11 , 64 bit Build 26100 (10.0.26100.3037)
Time: Tue Nov 11 16:26:39 2025 Georgian Standard Time elapsed time: 1.267587 seconds (0d 0h 0m 1s)

---------------  T H R E A D  ---------------

Current thread (0x000001a5ae3c8a80):  JavaThread "C2 CompilerThread1" daemon [_thread_in_native, id=13968, stack(0x000000904de00000,0x000000904df00000) (1024K)]


Current CompileTask:
C2:1267 1686       4       java.lang.String::replace (42 bytes)

Stack: [0x000000904de00000,0x000000904df00000]
Native frames: (J=compiled Java code, j=interpreted, Vv=VM code, C=native code)
V  [jvm.dll+0x7a6b59]  (no source info available)
V  [jvm.dll+0x77290d]  (no source info available)
V  [jvm.dll+0x966153]  (no source info available)
V  [jvm.dll+0x968751]  (no source info available)
V  [jvm.dll+0x968e53]  (no source info available)
V  [jvm.dll+0x2fc756]  (no source info available)
V  [jvm.dll+0x111b26]  (no source info available)
V  [jvm.dll+0x111e4e]  (no source info available)
V  [jvm.dll+0x1a0a22]  (no source info available)
V  [jvm.dll+0x3b53c2]  (no source info available)
V  [jvm.dll+0x7ac4ef]  (no source info available)
V  [jvm.dll+0x2c0ac7]  (no source info available)
V  [jvm.dll+0x2bfa8f]  (no source info available)
V  [jvm.dll+0x237b60]  (no source info available)
V  [jvm.dll+0x2cfb56]  (no source info available)
V  [jvm.dll+0x2cddd5]  (no source info available)
V  [jvm.dll+0x48e6d1]  (no source info available)
V  [jvm.dll+0x906a0d]  (no source info available)
V  [jvm.dll+0x7a5135]  (no source info available)
C  [ucrtbase.dll+0x37b0]  (no source info available)
C  [KERNEL32.DLL+0x2e8d7]  (no source info available)
C  [ntdll.dll+0xbbf2c]  (no source info available)

Lock stack of current Java thread (top to bottom):


---------------  P R O C E S S  ---------------

Threads class SMR info:
_java_thread_list=0x000001a5b44ae8e0, length=21, elements={
0x000001a58e3a8890, 0x000001a5ae39a550, 0x000001a5ae39c890, 0x000001a5ae3a0780,
0x000001a5ae3a17c0, 0x000001a5ae3a2ef0, 0x000001a5ae3a4750, 0x000001a5ae3ba330,
0x000001a5ae3c5210, 0x000001a5ae3c9290, 0x000001a5ae3c6230, 0x000001a5b31e1c70,
0x000001a5b32e7d40, 0x000001a5b352e040, 0x000001a5b353d4a0, 0x000001a5ae3c8a80,
0x000001a5ae3c9aa0, 0x000001a5b4421490, 0x000001a5b4425240, 0x000001a5b42fe570,
0x000001a5b4301c20
}

Java Threads: ( => current thread )
  0x000001a58e3a8890 JavaThread "main"                              [_thread_blocked, id=31392, stack(0x000000904c800000,0x000000904c900000) (1024K)]
  0x000001a5ae39a550 JavaThread "Reference Handler"          daemon [_thread_blocked, id=16212, stack(0x000000904d000000,0x000000904d100000) (1024K)]
  0x000001a5ae39c890 JavaThread "Finalizer"                  daemon [_thread_blocked, id=31196, stack(0x000000904d100000,0x000000904d200000) (1024K)]
  0x000001a5ae3a0780 JavaThread "Signal Dispatcher"          daemon [_thread_blocked, id=22812, stack(0x000000904d200000,0x000000904d300000) (1024K)]
  0x000001a5ae3a17c0 JavaThread "Attach Listener"            daemon [_thread_blocked, id=2748, stack(0x000000904d300000,0x000000904d400000) (1024K)]
  0x000001a5ae3a2ef0 JavaThread "Service Thread"             daemon [_thread_blocked, id=5372, stack(0x000000904d400000,0x000000904d500000) (1024K)]
  0x000001a5ae3a4750 JavaThread "Monitor Deflation Thread"   daemon [_thread_blocked, id=2852, stack(0x000000904d500000,0x000000904d600000) (1024K)]
  0x000001a5ae3ba330 JavaThread "C2 CompilerThread0"         daemon [_thread_blocked, id=29320, stack(0x000000904d600000,0x000000904d700000) (1024K)]
  0x000001a5ae3c5210 JavaThread "C1 CompilerThread0"         daemon [_thread_blocked, id=12924, stack(0x000000904d700000,0x000000904d800000) (1024K)]
  0x000001a5ae3c9290 JavaThread "C1 CompilerThread1"         daemon [_thread_blocked, id=4460, stack(0x000000904d800000,0x000000904d900000) (1024K)]
  0x000001a5ae3c6230 JavaThread "C1 CompilerThread2"         daemon [_thread_blocked, id=8960, stack(0x000000904d900000,0x000000904da00000) (1024K)]
  0x000001a5b31e1c70 JavaThread "Common-Cleaner"             daemon [_thread_blocked, id=24824, stack(0x000000904da00000,0x000000904db00000) (1024K)]
  0x000001a5b32e7d40 JavaThread "IntelliJ Suspend Helper"    daemon [_thread_blocked, id=30744, stack(0x000000904db00000,0x000000904dc00000) (1024K)]
  0x000001a5b352e040 JavaThread "Monitor Ctrl-Break"         daemon [_thread_in_native, id=26520, stack(0x000000904dc00000,0x000000904dd00000) (1024K)]
  0x000001a5b353d4a0 JavaThread "Notification Thread"        daemon [_thread_blocked, id=30088, stack(0x000000904dd00000,0x000000904de00000) (1024K)]
=>0x000001a5ae3c8a80 JavaThread "C2 CompilerThread1"         daemon [_thread_in_native, id=13968, stack(0x000000904de00000,0x000000904df00000) (1024K)]
  0x000001a5ae3c9aa0 JavaThread "C1 CompilerThread3"         daemon [_thread_blocked, id=28128, stack(0x000000904df00000,0x000000904e000000) (1024K)]
  0x000001a5b4421490 JavaThread "ForkJoinPool.commonPool-worker-1" daemon [_thread_blocked, id=34316, stack(0x000000904e000000,0x000000904e100000) (1024K)]
  0x000001a5b4425240 JavaThread "ForkJoinPool.commonPool-worker-2" daemon [_thread_blocked, id=7312, stack(0x000000904e100000,0x000000904e200000) (1024K)]
  0x000001a5b42fe570 JavaThread "TestNG-test-Homework2Tests-1"        [_thread_in_vm, id=31216, stack(0x000000904e200000,0x000000904e300000) (1024K)]
  0x000001a5b4301c20 JavaThread "TestNG-test-Homework2Tests-2"        [_thread_blocked, id=28028, stack(0x000000904e300000,0x000000904e400000) (1024K)]
Total: 21

Other Threads:
  0x000001a5ae386bb0 VMThread "VM Thread"                           [id=10616, stack(0x000000904cf00000,0x000000904d000000) (1024K)]
  0x000001a5ae2530c0 WatcherThread "VM Periodic Task Thread"        [id=16040, stack(0x000000904ce00000,0x000000904cf00000) (1024K)]
  0x000001a58e412270 WorkerThread "GC Thread#0"                     [id=31712, stack(0x000000904c900000,0x000000904ca00000) (1024K)]
  0x000001a58e42bfd0 ConcurrentGCThread "G1 Main Marker"            [id=34356, stack(0x000000904ca00000,0x000000904cb00000) (1024K)]
  0x000001a58e42f010 WorkerThread "G1 Conc#0"                       [id=32128, stack(0x000000904cb00000,0x000000904cc00000) (1024K)]
  0x000001a58e44e100 ConcurrentGCThread "G1 Refine#0"               [id=11356, stack(0x000000904cc00000,0x000000904cd00000) (1024K)]
  0x000001a58e44eb10 ConcurrentGCThread "G1 Service"                [id=31072, stack(0x000000904cd00000,0x000000904ce00000) (1024K)]
Total: 7

Threads with active compile tasks:
C2 CompilerThread1  1396 1686       4       java.lang.String::replace (42 bytes)
Total: 1

VM state: not at safepoint (normal execution)

VM Mutex/Monitor currently owned by a thread: None

Heap address: 0x0000000703a00000, size: 4038 MB, Compressed Oops mode: Zero based, Oop shift amount: 3

CDS archive(s) mapped at: [0x0000000081000000-0x0000000081dd0000-0x0000000081dd0000), size 14483456, SharedBaseAddress: 0x0000000081000000, ArchiveRelocationMode: 1.
Compressed class space mapped at: 0x0000000082000000-0x00000000c2000000, reserved size: 1073741824
UseCompressedClassPointers 1, UseCompactObjectHeaders 0
Narrow klass pointer bits 32, Max shift 3
Narrow klass base: 0x0000000081000000, Narrow klass shift: 0
Encoding Range: [0x0000000081000000 - 0x0000000181000000), (4294967296 bytes)
Klass Range:    [0x0000000081010000 - 0x00000000c2000000), (1090453504 bytes)
Klass ID Range:  [65536 - 1090519033) (1090453497)
Protection zone: [0x0000000081000000 - 0x0000000081010000), (65536 bytes)

GC Precious Log:
 CardTable entry size: 512
 Card Set container configuration: InlinePtr #cards 4 size 8 Array Of Cards #cards 16 size 48 Howl #buckets 8 coarsen threshold 3686 Howl Bitmap #cards 512 size 80 coarsen threshold 460 Card regions per heap region 1 cards per card region 4096
 CPUs: 16 total, 16 available
 Memory: 16147M
 Large Page Support: Disabled
 NUMA Support: Disabled
 Compressed Oops: Enabled (Zero based)
 Heap Region Size: 2M
 Heap Min Capacity: 8M
 Heap Initial Capacity: 254M
 Heap Max Capacity: 4038M
 Pre-touch: Disabled
 Parallel Workers: 13
 Concurrent Workers: 3
 Concurrent Refinement Workers: 13
 Periodic GC: Disabled

Heap:
 garbage-first heap   total reserved 4134912K, committed 262144K, used 38035K [0x0000000703a00000, 0x0000000800000000)
  region size 2048K, 19 young (38912K), 0 survivors (0K)

Heap Regions: E=young(eden), S=young(survivor), O=old, HS=humongous(starts), HC=humongous(continues), CS=collection set, F=free, TAMS=top-at-mark-start, PB=parsable bottom
|   0|0x0000000703a00000, 0x0000000703a00000, 0x0000000703c00000|  0%| F|  |TAMS 0x0000000703a00000| PB 0x0000000703a00000| Untracked |  0
|   1|0x0000000703c00000, 0x0000000703c00000, 0x0000000703e00000|  0%| F|  |TAMS 0x0000000703c00000| PB 0x0000000703c00000| Untracked |  0
|   2|0x0000000703e00000, 0x0000000703e00000, 0x0000000704000000|  0%| F|  |TAMS 0x0000000703e00000| PB 0x0000000703e00000| Untracked |  0
|   3|0x0000000704000000, 0x0000000704000000, 0x0000000704200000|  0%| F|  |TAMS 0x0000000704000000| PB 0x0000000704000000| Untracked |  0
|   4|0x0000000704200000, 0x0000000704200000, 0x0000000704400000|  0%| F|  |TAMS 0x0000000704200000| PB 0x0000000704200000| Untracked |  0
|   5|0x0000000704400000, 0x0000000704400000, 0x0000000704600000|  0%| F|  |TAMS 0x0000000704400000| PB 0x0000000704400000| Untracked |  0
|   6|0x0000000704600000, 0x0000000704600000, 0x0000000704800000|  0%| F|  |TAMS 0x0000000704600000| PB 0x0000000704600000| Untracked |  0
|   7|0x0000000704800000, 0x0000000704800000, 0x0000000704a00000|  0%| F|  |TAMS 0x0000000704800000| PB 0x0000000704800000| Untracked |  0
|   8|0x0000000704a00000, 0x0000000704a00000, 0x0000000704c00000|  0%| F|  |TAMS 0x0000000704a00000| PB 0x0000000704a00000| Untracked |  0
|   9|0x0000000704c00000, 0x0000000704c00000, 0x0000000704e00000|  0%| F|  |TAMS 0x0000000704c00000| PB 0x0000000704c00000| Untracked |  0
|  10|0x0000000704e00000, 0x0000000704e00000, 0x0000000705000000|  0%| F|  |TAMS 0x0000000704e00000| PB 0x0000000704e00000| Untracked |  0
|  11|0x0000000705000000, 0x0000000705000000, 0x0000000705200000|  0%| F|  |TAMS 0x0000000705000000| PB 0x0000000705000000| Untracked |  0
|  12|0x0000000705200000, 0x0000000705200000, 0x0000000705400000|  0%| F|  |TAMS 0x0000000705200000| PB 0x0000000705200000| Untracked |  0
|  13|0x0000000705400000, 0x0000000705400000, 0x0000000705600000|  0%| F|  |TAMS 0x0000000705400000| PB 0x0000000705400000| Untracked |  0
|  14|0x0000000705600000, 0x0000000705600000, 0x0000000705800000|  0%| F|  |TAMS 0x0000000705600000| PB 0x0000000705600000| Untracked |  0
|  15|0x0000000705800000, 0x0000000705800000, 0x0000000705a00000|  0%| F|  |TAMS 0x0000000705800000| PB 0x0000000705800000| Untracked |  0
|  16|0x0000000705a00000, 0x0000000705a00000, 0x0000000705c00000|  0%| F|  |TAMS 0x0000000705a00000| PB 0x0000000705a00000| Untracked |  0
|  17|0x0000000705c00000, 0x0000000705c00000, 0x0000000705e00000|  0%| F|  |TAMS 0x0000000705c00000| PB 0x0000000705c00000| Untracked |  0
|  18|0x0000000705e00000, 0x0000000705e00000, 0x0000000706000000|  0%| F|  |TAMS 0x0000000705e00000| PB 0x0000000705e00000| Untracked |  0
|  19|0x0000000706000000, 0x0000000706000000, 0x0000000706200000|  0%| F|  |TAMS 0x0000000706000000| PB 0x0000000706000000| Untracked |  0
|  20|0x0000000706200000, 0x0000000706200000, 0x0000000706400000|  0%| F|  |TAMS 0x0000000706200000| PB 0x0000000706200000| Untracked |  0
|  21|0x0000000706400000, 0x0000000706400000, 0x0000000706600000|  0%| F|  |TAMS 0x0000000706400000| PB 0x0000000706400000| Untracked |  0
|  22|0x0000000706600000, 0x0000000706600000, 0x0000000706800000|  0%| F|  |TAMS 0x0000000706600000| PB 0x0000000706600000| Untracked |  0
|  23|0x0000000706800000, 0x0000000706800000, 0x0000000706a00000|  0%| F|  |TAMS 0x0000000706800000| PB 0x0000000706800000| Untracked |  0
|  24|0x0000000706a00000, 0x0000000706a00000, 0x0000000706c00000|  0%| F|  |TAMS 0x0000000706a00000| PB 0x0000000706a00000| Untracked |  0
|  25|0x0000000706c00000, 0x0000000706c00000, 0x0000000706e00000|  0%| F|  |TAMS 0x0000000706c00000| PB 0x0000000706c00000| Untracked |  0
|  26|0x0000000706e00000, 0x0000000706e00000, 0x0000000707000000|  0%| F|  |TAMS 0x0000000706e00000| PB 0x0000000706e00000| Untracked |  0
|  27|0x0000000707000000, 0x0000000707000000, 0x0000000707200000|  0%| F|  |TAMS 0x0000000707000000| PB 0x0000000707000000| Untracked |  0
|  28|0x0000000707200000, 0x0000000707200000, 0x0000000707400000|  0%| F|  |TAMS 0x0000000707200000| PB 0x0000000707200000| Untracked |  0
|  29|0x0000000707400000, 0x0000000707400000, 0x0000000707600000|  0%| F|  |TAMS 0x0000000707400000| PB 0x0000000707400000| Untracked |  0
|  30|0x0000000707600000, 0x0000000707600000, 0x0000000707800000|  0%| F|  |TAMS 0x0000000707600000| PB 0x0000000707600000| Untracked |  0
|  31|0x0000000707800000, 0x0000000707800000, 0x0000000707a00000|  0%| F|  |TAMS 0x0000000707800000| PB 0x0000000707800000| Untracked |  0
|  32|0x0000000707a00000, 0x0000000707a00000, 0x0000000707c00000|  0%| F|  |TAMS 0x0000000707a00000| PB 0x0000000707a00000| Untracked |  0
|  33|0x0000000707c00000, 0x0000000707c00000, 0x0000000707e00000|  0%| F|  |TAMS 0x0000000707c00000| PB 0x0000000707c00000| Untracked |  0
|  34|0x0000000707e00000, 0x0000000707e00000, 0x0000000708000000|  0%| F|  |TAMS 0x0000000707e00000| PB 0x0000000707e00000| Untracked |  0
|  35|0x0000000708000000, 0x0000000708000000, 0x0000000708200000|  0%| F|  |TAMS 0x0000000708000000| PB 0x0000000708000000| Untracked |  0
|  36|0x0000000708200000, 0x0000000708200000, 0x0000000708400000|  0%| F|  |TAMS 0x0000000708200000| PB 0x0000000708200000| Untracked |  0
|  37|0x0000000708400000, 0x0000000708400000, 0x0000000708600000|  0%| F|  |TAMS 0x0000000708400000| PB 0x0000000708400000| Untracked |  0
|  38|0x0000000708600000, 0x0000000708600000, 0x0000000708800000|  0%| F|  |TAMS 0x0000000708600000| PB 0x0000000708600000| Untracked |  0
|  39|0x0000000708800000, 0x0000000708800000, 0x0000000708a00000|  0%| F|  |TAMS 0x0000000708800000| PB 0x0000000708800000| Untracked |  0
|  40|0x0000000708a00000, 0x0000000708a00000, 0x0000000708c00000|  0%| F|  |TAMS 0x0000000708a00000| PB 0x0000000708a00000| Untracked |  0
|  41|0x0000000708c00000, 0x0000000708c00000, 0x0000000708e00000|  0%| F|  |TAMS 0x0000000708c00000| PB 0x0000000708c00000| Untracked |  0
|  42|0x0000000708e00000, 0x0000000708e00000, 0x0000000709000000|  0%| F|  |TAMS 0x0000000708e00000| PB 0x0000000708e00000| Untracked |  0
|  43|0x0000000709000000, 0x0000000709000000, 0x0000000709200000|  0%| F|  |TAMS 0x0000000709000000| PB 0x0000000709000000| Untracked |  0
|  44|0x0000000709200000, 0x0000000709200000, 0x0000000709400000|  0%| F|  |TAMS 0x0000000709200000| PB 0x0000000709200000| Untracked |  0
|  45|0x0000000709400000, 0x0000000709400000, 0x0000000709600000|  0%| F|  |TAMS 0x0000000709400000| PB 0x0000000709400000| Untracked |  0
|  46|0x0000000709600000, 0x0000000709600000, 0x0000000709800000|  0%| F|  |TAMS 0x0000000709600000| PB 0x0000000709600000| Untracked |  0
|  47|0x0000000709800000, 0x0000000709800000, 0x0000000709a00000|  0%| F|  |TAMS 0x0000000709800000| PB 0x0000000709800000| Untracked |  0
|  48|0x0000000709a00000, 0x0000000709a00000, 0x0000000709c00000|  0%| F|  |TAMS 0x0000000709a00000| PB 0x0000000709a00000| Untracked |  0
|  49|0x0000000709c00000, 0x0000000709c00000, 0x0000000709e00000|  0%| F|  |TAMS 0x0000000709c00000| PB 0x0000000709c00000| Untracked |  0
|  50|0x0000000709e00000, 0x0000000709e00000, 0x000000070a000000|  0%| F|  |TAMS 0x0000000709e00000| PB 0x0000000709e00000| Untracked |  0
|  51|0x000000070a000000, 0x000000070a000000, 0x000000070a200000|  0%| F|  |TAMS 0x000000070a000000| PB 0x000000070a000000| Untracked |  0
|  52|0x000000070a200000, 0x000000070a200000, 0x000000070a400000|  0%| F|  |TAMS 0x000000070a200000| PB 0x000000070a200000| Untracked |  0
|  53|0x000000070a400000, 0x000000070a400000, 0x000000070a600000|  0%| F|  |TAMS 0x000000070a400000| PB 0x000000070a400000| Untracked |  0
|  54|0x000000070a600000, 0x000000070a600000, 0x000000070a800000|  0%| F|  |TAMS 0x000000070a600000| PB 0x000000070a600000| Untracked |  0
|  55|0x000000070a800000, 0x000000070a800000, 0x000000070aa00000|  0%| F|  |TAMS 0x000000070a800000| PB 0x000000070a800000| Untracked |  0
|  56|0x000000070aa00000, 0x000000070aa00000, 0x000000070ac00000|  0%| F|  |TAMS 0x000000070aa00000| PB 0x000000070aa00000| Untracked |  0
|  57|0x000000070ac00000, 0x000000070ac00000, 0x000000070ae00000|  0%| F|  |TAMS 0x000000070ac00000| PB 0x000000070ac00000| Untracked |  0
|  58|0x000000070ae00000, 0x000000070ae00000, 0x000000070b000000|  0%| F|  |TAMS 0x000000070ae00000| PB 0x000000070ae00000| Untracked |  0
|  59|0x000000070b000000, 0x000000070b000000, 0x000000070b200000|  0%| F|  |TAMS 0x000000070b000000| PB 0x000000070b000000| Untracked |  0
|  60|0x000000070b200000, 0x000000070b200000, 0x000000070b400000|  0%| F|  |TAMS 0x000000070b200000| PB 0x000000070b200000| Untracked |  0
|  61|0x000000070b400000, 0x000000070b400000, 0x000000070b600000|  0%| F|  |TAMS 0x000000070b400000| PB 0x000000070b400000| Untracked |  0
|  62|0x000000070b600000, 0x000000070b600000, 0x000000070b800000|  0%| F|  |TAMS 0x000000070b600000| PB 0x000000070b600000| Untracked |  0
|  63|0x000000070b800000, 0x000000070b800000, 0x000000070ba00000|  0%| F|  |TAMS 0x000000070b800000| PB 0x000000070b800000| Untracked |  0
|  64|0x000000070ba00000, 0x000000070ba00000, 0x000000070bc00000|  0%| F|  |TAMS 0x000000070ba00000| PB 0x000000070ba00000| Untracked |  0
|  65|0x000000070bc00000, 0x000000070bc00000, 0x000000070be00000|  0%| F|  |TAMS 0x000000070bc00000| PB 0x000000070bc00000| Untracked |  0
|  66|0x000000070be00000, 0x000000070be00000, 0x000000070c000000|  0%| F|  |TAMS 0x000000070be00000| PB 0x000000070be00000| Untracked |  0
|  67|0x000000070c000000, 0x000000070c000000, 0x000000070c200000|  0%| F|  |TAMS 0x000000070c000000| PB 0x000000070c000000| Untracked |  0
|  68|0x000000070c200000, 0x000000070c200000, 0x000000070c400000|  0%| F|  |TAMS 0x000000070c200000| PB 0x000000070c200000| Untracked |  0
|  69|0x000000070c400000, 0x000000070c400000, 0x000000070c600000|  0%| F|  |TAMS 0x000000070c400000| PB 0x000000070c400000| Untracked |  0
|  70|0x000000070c600000, 0x000000070c600000, 0x000000070c800000|  0%| F|  |TAMS 0x000000070c600000| PB 0x000000070c600000| Untracked |  0
|  71|0x000000070c800000, 0x000000070c800000, 0x000000070ca00000|  0%| F|  |TAMS 0x000000070c800000| PB 0x000000070c800000| Untracked |  0
|  72|0x000000070ca00000, 0x000000070ca00000, 0x000000070cc00000|  0%| F|  |TAMS 0x000000070ca00000| PB 0x000000070ca00000| Untracked |  0
|  73|0x000000070cc00000, 0x000000070cc00000, 0x000000070ce00000|  0%| F|  |TAMS 0x000000070cc00000| PB 0x000000070cc00000| Untracked |  0
|  74|0x000000070ce00000, 0x000000070ce00000, 0x000000070d000000|  0%| F|  |TAMS 0x000000070ce00000| PB 0x000000070ce00000| Untracked |  0
|  75|0x000000070d000000, 0x000000070d000000, 0x000000070d200000|  0%| F|  |TAMS 0x000000070d000000| PB 0x000000070d000000| Untracked |  0
|  76|0x000000070d200000, 0x000000070d200000, 0x000000070d400000|  0%| F|  |TAMS 0x000000070d200000| PB 0x000000070d200000| Untracked |  0
|  77|0x000000070d400000, 0x000000070d400000, 0x000000070d600000|  0%| F|  |TAMS 0x000000070d400000| PB 0x000000070d400000| Untracked |  0
|  78|0x000000070d600000, 0x000000070d600000, 0x000000070d800000|  0%| F|  |TAMS 0x000000070d600000| PB 0x000000070d600000| Untracked |  0
|  79|0x000000070d800000, 0x000000070d800000, 0x000000070da00000|  0%| F|  |TAMS 0x000000070d800000| PB 0x000000070d800000| Untracked |  0
|  80|0x000000070da00000, 0x000000070da00000, 0x000000070dc00000|  0%| F|  |TAMS 0x000000070da00000| PB 0x000000070da00000| Untracked |  0
|  81|0x000000070dc00000, 0x000000070dc00000, 0x000000070de00000|  0%| F|  |TAMS 0x000000070dc00000| PB 0x000000070dc00000| Untracked |  0
|  82|0x000000070de00000, 0x000000070de00000, 0x000000070e000000|  0%| F|  |TAMS 0x000000070de00000| PB 0x000000070de00000| Untracked |  0
|  83|0x000000070e000000, 0x000000070e000000, 0x000000070e200000|  0%| F|  |TAMS 0x000000070e000000| PB 0x000000070e000000| Untracked |  0
|  84|0x000000070e200000, 0x000000070e200000, 0x000000070e400000|  0%| F|  |TAMS 0x000000070e200000| PB 0x000000070e200000| Untracked |  0
|  85|0x000000070e400000, 0x000000070e400000, 0x000000070e600000|  0%| F|  |TAMS 0x000000070e400000| PB 0x000000070e400000| Untracked |  0
|  86|0x000000070e600000, 0x000000070e600000, 0x000000070e800000|  0%| F|  |TAMS 0x000000070e600000| PB 0x000000070e600000| Untracked |  0
|  87|0x000000070e800000, 0x000000070e800000, 0x000000070ea00000|  0%| F|  |TAMS 0x000000070e800000| PB 0x000000070e800000| Untracked |  0
|  88|0x000000070ea00000, 0x000000070ea00000, 0x000000070ec00000|  0%| F|  |TAMS 0x000000070ea00000| PB 0x000000070ea00000| Untracked |  0
|  89|0x000000070ec00000, 0x000000070ec00000, 0x000000070ee00000|  0%| F|  |TAMS 0x000000070ec00000| PB 0x000000070ec00000| Untracked |  0
|  90|0x000000070ee00000, 0x000000070ee00000, 0x000000070f000000|  0%| F|  |TAMS 0x000000070ee00000| PB 0x000000070ee00000| Untracked |  0
|  91|0x000000070f000000, 0x000000070f000000, 0x000000070f200000|  0%| F|  |TAMS 0x000000070f000000| PB 0x000000070f000000| Untracked |  0
|  92|0x000000070f200000, 0x000000070f200000, 0x000000070f400000|  0%| F|  |TAMS 0x000000070f200000| PB 0x000000070f200000| Untracked |  0
|  93|0x000000070f400000, 0x000000070f400000, 0x000000070f600000|  0%| F|  |TAMS 0x000000070f400000| PB 0x000000070f400000| Untracked |  0
|  94|0x000000070f600000, 0x000000070f600000, 0x000000070f800000|  0%| F|  |TAMS 0x000000070f600000| PB 0x000000070f600000| Untracked |  0
|  95|0x000000070f800000, 0x000000070f800000, 0x000000070fa00000|  0%| F|  |TAMS 0x000000070f800000| PB 0x000000070f800000| Untracked |  0
|  96|0x000000070fa00000, 0x000000070fa00000, 0x000000070fc00000|  0%| F|  |TAMS 0x000000070fa00000| PB 0x000000070fa00000| Untracked |  0
|  97|0x000000070fc00000, 0x000000070fc00000, 0x000000070fe00000|  0%| F|  |TAMS 0x000000070fc00000| PB 0x000000070fc00000| Untracked |  0
|  98|0x000000070fe00000, 0x000000070fe00000, 0x0000000710000000|  0%| F|  |TAMS 0x000000070fe00000| PB 0x000000070fe00000| Untracked |  0
|  99|0x0000000710000000, 0x0000000710000000, 0x0000000710200000|  0%| F|  |TAMS 0x0000000710000000| PB 0x0000000710000000| Untracked |  0
| 100|0x0000000710200000, 0x0000000710200000, 0x0000000710400000|  0%| F|  |TAMS 0x0000000710200000| PB 0x0000000710200000| Untracked |  0
| 101|0x0000000710400000, 0x0000000710400000, 0x0000000710600000|  0%| F|  |TAMS 0x0000000710400000| PB 0x0000000710400000| Untracked |  0
| 102|0x0000000710600000, 0x0000000710600000, 0x0000000710800000|  0%| F|  |TAMS 0x0000000710600000| PB 0x0000000710600000| Untracked |  0
| 103|0x0000000710800000, 0x0000000710800000, 0x0000000710a00000|  0%| F|  |TAMS 0x0000000710800000| PB 0x0000000710800000| Untracked |  0
| 104|0x0000000710a00000, 0x0000000710a00000, 0x0000000710c00000|  0%| F|  |TAMS 0x0000000710a00000| PB 0x0000000710a00000| Untracked |  0
| 105|0x0000000710c00000, 0x0000000710c00000, 0x0000000710e00000|  0%| F|  |TAMS 0x0000000710c00000| PB 0x0000000710c00000| Untracked |  0
| 106|0x0000000710e00000, 0x0000000710e00000, 0x0000000711000000|  0%| F|  |TAMS 0x0000000710e00000| PB 0x0000000710e00000| Untracked |  0
| 107|0x0000000711000000, 0x0000000711000000, 0x0000000711200000|  0%| F|  |TAMS 0x0000000711000000| PB 0x0000000711000000| Untracked |  0
| 108|0x0000000711200000, 0x00000007112f6358, 0x0000000711400000| 48%| E|  |TAMS 0x0000000711200000| PB 0x0000000711200000| Complete |  0
| 109|0x0000000711400000, 0x0000000711600000, 0x0000000711600000|100%| E|CS|TAMS 0x0000000711400000| PB 0x0000000711400000| Complete |  0
| 110|0x0000000711600000, 0x0000000711800000, 0x0000000711800000|100%| E|CS|TAMS 0x0000000711600000| PB 0x0000000711600000| Complete |  0
| 111|0x0000000711800000, 0x0000000711a00000, 0x0000000711a00000|100%| E|CS|TAMS 0x0000000711800000| PB 0x0000000711800000| Complete |  0
| 112|0x0000000711a00000, 0x0000000711c00000, 0x0000000711c00000|100%| E|CS|TAMS 0x0000000711a00000| PB 0x0000000711a00000| Complete |  0
| 113|0x0000000711c00000, 0x0000000711e00000, 0x0000000711e00000|100%| E|CS|TAMS 0x0000000711c00000| PB 0x0000000711c00000| Complete |  0
| 114|0x0000000711e00000, 0x0000000712000000, 0x0000000712000000|100%| E|CS|TAMS 0x0000000711e00000| PB 0x0000000711e00000| Complete |  0
| 115|0x0000000712000000, 0x0000000712200000, 0x0000000712200000|100%| E|CS|TAMS 0x0000000712000000| PB 0x0000000712000000| Complete |  0
| 116|0x0000000712200000, 0x0000000712400000, 0x0000000712400000|100%| E|CS|TAMS 0x0000000712200000| PB 0x0000000712200000| Complete |  0
| 117|0x0000000712400000, 0x0000000712600000, 0x0000000712600000|100%| E|CS|TAMS 0x0000000712400000| PB 0x0000000712400000| Complete |  0
| 118|0x0000000712600000, 0x0000000712800000, 0x0000000712800000|100%| E|CS|TAMS 0x0000000712600000| PB 0x0000000712600000| Complete |  0
| 119|0x0000000712800000, 0x0000000712a00000, 0x0000000712a00000|100%| E|CS|TAMS 0x0000000712800000| PB 0x0000000712800000| Complete |  0
| 120|0x0000000712a00000, 0x0000000712c00000, 0x0000000712c00000|100%| E|CS|TAMS 0x0000000712a00000| PB 0x0000000712a00000| Complete |  0
| 121|0x0000000712c00000, 0x0000000712e00000, 0x0000000712e00000|100%| E|CS|TAMS 0x0000000712c00000| PB 0x0000000712c00000| Complete |  0
| 122|0x0000000712e00000, 0x0000000713000000, 0x0000000713000000|100%| E|CS|TAMS 0x0000000712e00000| PB 0x0000000712e00000| Complete |  0
| 123|0x0000000713000000, 0x0000000713200000, 0x0000000713200000|100%| E|CS|TAMS 0x0000000713000000| PB 0x0000000713000000| Complete |  0
| 124|0x0000000713200000, 0x0000000713400000, 0x0000000713400000|100%| E|CS|TAMS 0x0000000713200000| PB 0x0000000713200000| Complete |  0
| 125|0x0000000713400000, 0x0000000713600000, 0x0000000713600000|100%| E|CS|TAMS 0x0000000713400000| PB 0x0000000713400000| Complete |  0
| 126|0x0000000713600000, 0x0000000713800000, 0x0000000713800000|100%| E|CS|TAMS 0x0000000713600000| PB 0x0000000713600000| Complete |  0
|2018|0x00000007ffe00000, 0x00000007fff24ea8, 0x0000000800000000| 57%| O|  |TAMS 0x00000007ffe00000| PB 0x00000007ffe00000| Untracked |  0

Card table byte_map: [0x000001a5a75c0000,0x000001a5a7db0000] _byte_map_base: 0x000001a5a3da3000

Marking Bits: (CMBitMap*) 0x000001a58e413a10
 Bits: [0x000001a5a7db0000, 0x000001a5abcc8000)

Polling page: 0x000001a58c7b0000

Metaspace:
Metaspace        used 14135K, committed 14400K, reserved 1114112K
 class space     used 1243K, committed 1344K, reserved 1048576K

Usage:
  Non-class:     12.59 MB used.
      Class:      1.21 MB used.
       Both:     13.81 MB used.

Virtual space:
  Non-class space:       64.00 MB reserved,      12.75 MB ( 20%) committed,  1 nodes.
      Class space:        1.00 GB reserved,       1.31 MB ( <1%) committed,  1 nodes.
             Both:        1.06 GB reserved,      14.06 MB (  1%) committed. 

Chunk freelists:
   Non-Class:  2.67 MB
       Class:  14.59 MB
        Both:  17.27 MB

MaxMetaspaceSize: unlimited
CompressedClassSpaceSize: 1.00 GB
Initial GC threshold: 21.00 MB
Current GC threshold: 21.00 MB
CDS: on
 - commit_granule_bytes: 65536.
 - commit_granule_words: 8192.
 - virtual_space_node_default_size: 8388608.
 - enlarge_chunks_in_place: 1.
UseCompressedClassPointers 1, UseCompactObjectHeaders 0
Narrow klass pointer bits 32, Max shift 3
Narrow klass base: 0x0000000081000000, Narrow klass shift: 0
Encoding Range: [0x0000000081000000 - 0x0000000181000000), (4294967296 bytes)
Klass Range:    [0x0000000081010000 - 0x00000000c2000000), (1090453504 bytes)
Klass ID Range:  [65536 - 1090519033) (1090453497)
Protection zone: [0x0000000081000000 - 0x0000000081010000), (65536 bytes)


Internal statistics:

num_allocs_failed_limit: 0.
num_arena_births: 164.
num_arena_deaths: 0.
num_vsnodes_births: 2.
num_vsnodes_deaths: 0.
num_space_committed: 225.
num_space_uncommitted: 0.
num_chunks_returned_to_freelist: 0.
num_chunks_taken_from_freelist: 351.
num_chunk_merges: 0.
num_chunk_splits: 203.
num_chunks_enlarged: 119.
num_inconsistent_stats: 0.

CodeHeap 'non-profiled nmethods': size=119232Kb used=455Kb max_used=455Kb free=118777Kb
 bounds [0x000001a59e990000, 0x000001a59ec00000, 0x000001a5a5e00000]
CodeHeap 'profiled nmethods': size=119104Kb used=2619Kb max_used=2619Kb free=116484Kb
 bounds [0x000001a596e00000, 0x000001a597090000, 0x000001a59e250000]
CodeHeap 'non-nmethods': size=7424Kb used=3234Kb max_used=3263Kb free=4189Kb
 bounds [0x000001a59e250000, 0x000001a59e590000, 0x000001a59e990000]
CodeCache: size=245760Kb, used=6308Kb, max_used=6337Kb, free=239450Kb
 total_blobs=2315, nmethods=1778, adapters=436, full_count=0
Compilation: enabled, stopped_count=0, restarted_count=0

Compilation events (20 events):
Event: 1.097 Thread 0x000001a5ae3c8a80 1686       4       java.lang.String::replace (42 bytes)
Event: 1.099 Thread 0x000001a5ae3c9aa0 1687       3       java.util.Collections::emptyList (4 bytes)
Event: 1.099 Thread 0x000001a5ae3c5210 1688       3       jdk.internal.classfile.impl.DirectCodeBuilder::return_ (12 bytes)
Event: 1.099 Thread 0x000001a5ae3c9aa0 nmethod 1687 0x000001a597066788 code [0x000001a597066880, 0x000001a597066970]
Event: 1.099 Thread 0x000001a5ae3c5210 nmethod 1688 0x000001a597066a88 code [0x000001a597066b80, 0x000001a597066d58]
Event: 1.100 Thread 0x000001a5ae3ba330 1691       4       java.util.ImmutableCollections$ListN::size (6 bytes)
Event: 1.100 Thread 0x000001a5ae3ba330 nmethod 1691 0x000001a59e9fab88 code [0x000001a59e9fac80, 0x000001a59e9fad10]
Event: 1.101 Thread 0x000001a5ae3ba330 1692       4       jdk.internal.classfile.impl.SplitConstantPool::utf8Entry (45 bytes)
Event: 1.101 Thread 0x000001a5ae3c5210 1693       3       jdk.internal.classfile.impl.AbstractPoolEntry$Utf8EntryImpl::equalsString (215 bytes)
Event: 1.102 Thread 0x000001a5ae3c5210 nmethod 1693 0x000001a597066d88 code [0x000001a597066e80, 0x000001a597068a08]
Event: 1.107 Thread 0x000001a5ae3c5210 1694       3       java.lang.AbstractStringBuilder::ensureCapacitySameCoder (26 bytes)
Event: 1.107 Thread 0x000001a5ae3c5210 nmethod 1694 0x000001a597068a88 code [0x000001a597068b80, 0x000001a597068d30]
Event: 1.109 Thread 0x000001a5ae3c5210 1695       3       jdk.internal.classfile.impl.BufWriterImpl::<init> (10 bytes)
Event: 1.109 Thread 0x000001a5ae3c5210 nmethod 1695 0x000001a597068d88 code [0x000001a597068e80, 0x000001a597068fc0]
Event: 1.109 Thread 0x000001a5ae3c5210 1696       3       java.lang.invoke.MethodHandle::isAncestorLoaderOf (35 bytes)
Event: 1.109 Thread 0x000001a5ae3c9aa0 1697       3       java.lang.invoke.Invokers$Holder::linkToTargetMethod (11 bytes)
Event: 1.110 Thread 0x000001a5ae3c9aa0 nmethod 1697 0x000001a597069088 code [0x000001a597069180, 0x000001a5970694a0]
Event: 1.110 Thread 0x000001a5ae3c5210 nmethod 1696 0x000001a597069508 code [0x000001a597069600, 0x000001a597069c58]
Event: 1.112 Thread 0x000001a5ae3c6230 1700       3       java.lang.ThreadLocal$ThreadLocalMap::set (133 bytes)
Event: 1.113 Thread 0x000001a5ae3c6230 nmethod 1700 0x000001a597069c88 code [0x000001a597069d80, 0x000001a59706ab18]

GC Heap Usage History (0 events):
No events

Metaspace Usage History (0 events):
No events

Dll operation events (9 events):
Event: 0.023 Loaded shared library C:\Users\ladok\.jdks\openjdk-25.0.1\bin\java.dll
Event: 0.027 Loaded shared library C:\Users\ladok\.jdks\openjdk-25.0.1\bin\zip.dll
Event: 0.203 Loaded shared library C:\Users\ladok\.jdks\openjdk-25.0.1\bin\instrument.dll
Event: 0.219 Loaded shared library C:\Users\ladok\.jdks\openjdk-25.0.1\bin\verify.dll
Event: 0.269 Loaded shared library C:\Users\ladok\.jdks\openjdk-25.0.1\bin\net.dll
Event: 0.273 Loaded shared library C:\Users\ladok\.jdks\openjdk-25.0.1\bin\nio.dll
Event: 0.292 Loaded shared library C:\Users\ladok\.jdks\openjdk-25.0.1\bin\zip.dll
Event: 0.349 Loaded shared library C:\Users\ladok\.jdks\openjdk-25.0.1\bin\extnet.dll
Event: 0.456 Loaded shared library C:\Users\ladok\.jdks\openjdk-25.0.1\bin\jimage.dll

Deoptimization events (20 events):
Event: 0.976 Thread 0x000001a58e3a8890 Uncommon trap: trap_request=0xffffffd6 fr.pc=0x000001a59e9edc18 relative=0x00000000000005f8
Event: 0.976 Thread 0x000001a58e3a8890 Uncommon trap: reason=array_check action=maybe_recompile pc=0x000001a59e9edc18 method=jdk.internal.classfile.impl.SplitConstantPool.internalAdd(Ljava/lang/classfile/constantpool/PoolEntry;I)Ljava/lang/classfile/constantpool/PoolEntry; @ 46 c2
Event: 0.976 Thread 0x000001a58e3a8890 DEOPT PACKING pc=0x000001a59e9edc18 sp=0x000000904c8fd2f0
Event: 0.976 Thread 0x000001a58e3a8890 DEOPT UNPACKING pc=0x000001a59e37f482 sp=0x000000904c8fd290 mode 2
Event: 1.006 Thread 0x000001a58e3a8890 Uncommon trap: trap_request=0xffffffde fr.pc=0x000001a59e9f2484 relative=0x0000000000000104
Event: 1.006 Thread 0x000001a58e3a8890 Uncommon trap: reason=class_check action=maybe_recompile pc=0x000001a59e9f2484 method=jdk.internal.misc.Unsafe.allocateUninitializedArray(Ljava/lang/Class;I)Ljava/lang/Object; @ 51 c2
Event: 1.006 Thread 0x000001a58e3a8890 DEOPT PACKING pc=0x000001a59e9f2484 sp=0x000000904c8fd600
Event: 1.006 Thread 0x000001a58e3a8890 DEOPT UNPACKING pc=0x000001a59e37f482 sp=0x000000904c8fd578 mode 2
Event: 1.006 Thread 0x000001a58e3a8890 Uncommon trap: trap_request=0xffffffde fr.pc=0x000001a59e9f2484 relative=0x0000000000000104
Event: 1.006 Thread 0x000001a58e3a8890 Uncommon trap: reason=class_check action=maybe_recompile pc=0x000001a59e9f2484 method=jdk.internal.misc.Unsafe.allocateUninitializedArray(Ljava/lang/Class;I)Ljava/lang/Object; @ 51 c2
Event: 1.006 Thread 0x000001a58e3a8890 DEOPT PACKING pc=0x000001a59e9f2484 sp=0x000000904c8fd140
Event: 1.006 Thread 0x000001a58e3a8890 DEOPT UNPACKING pc=0x000001a59e37f482 sp=0x000000904c8fd0b8 mode 2
Event: 1.007 Thread 0x000001a58e3a8890 Uncommon trap: trap_request=0xffffffde fr.pc=0x000001a59e9f2484 relative=0x0000000000000104
Event: 1.007 Thread 0x000001a58e3a8890 Uncommon trap: reason=class_check action=maybe_recompile pc=0x000001a59e9f2484 method=jdk.internal.misc.Unsafe.allocateUninitializedArray(Ljava/lang/Class;I)Ljava/lang/Object; @ 51 c2
Event: 1.007 Thread 0x000001a58e3a8890 DEOPT PACKING pc=0x000001a59e9f2484 sp=0x000000904c8fd8f0
Event: 1.007 Thread 0x000001a58e3a8890 DEOPT UNPACKING pc=0x000001a59e37f482 sp=0x000000904c8fd868 mode 2
Event: 1.007 Thread 0x000001a58e3a8890 Uncommon trap: trap_request=0xffffffde fr.pc=0x000001a59e9f2484 relative=0x0000000000000104
Event: 1.007 Thread 0x000001a58e3a8890 Uncommon trap: reason=class_check action=maybe_recompile pc=0x000001a59e9f2484 method=jdk.internal.misc.Unsafe.allocateUninitializedArray(Ljava/lang/Class;I)Ljava/lang/Object; @ 51 c2
Event: 1.007 Thread 0x000001a58e3a8890 DEOPT PACKING pc=0x000001a59e9f2484 sp=0x000000904c8fd820
Event: 1.007 Thread 0x000001a58e3a8890 DEOPT UNPACKING pc=0x000001a59e37f482 sp=0x000000904c8fd798 mode 2

Classes loaded (20 events):
Event: 1.110 Loading class org/testng/ITestNGMethod
Event: 1.110 Loading class org/testng/ITestNGMethod done
Event: 1.110 Loading class org/testng/ITestNGMethod
Event: 1.110 Loading class org/testng/ITestNGMethod done
Event: 1.110 Loading class org/testng/TestTaskExecutor
Event: 1.110 Loading class org/testng/TestTaskExecutor done
Event: 1.112 Loading class org/testng/TestTaskExecutor
Event: 1.112 Loading class org/testng/TestTaskExecutor done
Event: 1.113 Loading class java/util/concurrent/ThreadPoolExecutor
Event: 1.114 Loading class java/util/concurrent/ThreadPoolExecutor done
Event: 1.114 Loading class java/util/concurrent/RejectedExecutionHandler
Event: 1.114 Loading class java/util/concurrent/RejectedExecutionHandler done
Event: 1.114 Loading class java/lang/IllegalThreadStateException
Event: 1.114 Loading class java/lang/IllegalThreadStateException done
Event: 1.114 Loading class java/util/concurrent/ThreadPoolExecutor$AbortPolicy
Event: 1.114 Loading class java/util/concurrent/ThreadPoolExecutor$AbortPolicy done
Event: 1.114 Loading class org/testng/internal/thread/TestNGThreadFactory
Event: 1.114 Loading class org/testng/internal/thread/TestNGThreadFactory done
Event: 1.115 Loading class org/testng/internal/thread/graph/GraphOrchestrator
Event: 1.115 Loading class org/testng/internal/thread/graph/GraphOrchestrator done

Classes unloaded (0 events):
No events

Classes redefined (1 events):
Event: 0.238 Thread 0x000001a5ae386bb0 redefined class name=java.lang.Throwable, count=1

Internal exceptions (20 events):
Event: 0.834 Thread 0x000001a58e3a8890 Exception <a 'java/lang/NoSuchMethodError'{0x000000071225b080}: 'void java.lang.invoke.DirectMethodHandle$Holder.invokeStatic(java.lang.Object, java.lang.Object, java.lang.Object, java.lang.Object)'> (0x000000071225b080) 
thrown [s\open\src\hotspot\share\interpreter\linkResolver.cpp, line 804]
Event: 0.846 Thread 0x000001a58e3a8890 Exception <a 'java/lang/NoSuchMethodError'{0x00000007122b5318}: 'int java.lang.invoke.DirectMethodHandle$Holder.invokeInterface(java.lang.Object, java.lang.Object)'> (0x00000007122b5318) 
thrown [s\open\src\hotspot\share\interpreter\linkResolver.cpp, line 804]
Event: 0.847 Thread 0x000001a58e3a8890 Exception <a 'java/lang/NoSuchMethodError'{0x00000007122c5350}: 'int java.lang.invoke.DirectMethodHandle$Holder.invokeStatic(java.lang.Object, java.lang.Object, java.lang.Object, java.lang.Object)'> (0x00000007122c5350) 
thrown [s\open\src\hotspot\share\interpreter\linkResolver.cpp, line 804]
Event: 0.858 Thread 0x000001a58e3a8890 Exception <a 'java/lang/NoSuchMethodError'{0x000000071232e5e8}: 'int java.lang.invoke.DirectMethodHandle$Holder.invokeVirtual(java.lang.Object, java.lang.Object)'> (0x000000071232e5e8) 
thrown [s\open\src\hotspot\share\interpreter\linkResolver.cpp, line 804]
Event: 0.872 Thread 0x000001a58e3a8890 Exception <a 'java/lang/NoSuchMethodError'{0x0000000712398c58}: 'java.lang.Object java.lang.invoke.Invokers$Holder.linkToTargetMethod(java.lang.Object, int, java.lang.Object, java.lang.Object)'> (0x0000000712398c58) 
thrown [s\open\src\hotspot\share\interpreter\linkResolver.cpp, line 804]
Event: 0.957 Thread 0x000001a58e3a8890 Exception <a 'java/lang/IncompatibleClassChangeError'{0x00000007121c7ed8}: Found class java.lang.Object, but interface was expected> (0x00000007121c7ed8) 
thrown [s\open\src\hotspot\share\interpreter\linkResolver.cpp, line 871]
Event: 0.959 Thread 0x000001a58e3a8890 Exception <a 'java/lang/NoSuchMethodError'{0x00000007121dd498}: 'java.lang.Object java.lang.invoke.DirectMethodHandle$Holder.newInvokeSpecial(java.lang.Object, java.lang.Object, java.lang.Object, java.lang.Object, java.lang.Object, java.lang.Object, java.lang.Object, java.lang.Object, java.lang.Object)'> (0x00000007121dd498) 
thrown [s\open\src\hotspot\share\interpreter\linkResolver.cpp, line 804]
Event: 0.970 Thread 0x000001a58e3a8890 Exception <a 'java/lang/NoSuchMethodError'{0x0000000711e25e68}: 'java.lang.Object java.lang.invoke.DirectMethodHandle$Holder.newInvokeSpecial(java.lang.Object, java.lang.Object, java.lang.Object, java.lang.Object, java.lang.Object, java.lang.Object, java.lang.Object)'> (0x0000000711e25e68) 
thrown [s\open\src\hotspot\share\interpreter\linkResolver.cpp, line 804]
Event: 0.987 Thread 0x000001a58e3a8890 Exception <a 'java/lang/NoSuchMethodError'{0x0000000711eb0878}: 'java.lang.Object java.lang.invoke.DirectMethodHandle$Holder.newInvokeSpecial(java.lang.Object, java.lang.Object, java.lang.Object, java.lang.Object, java.lang.Object)'> (0x0000000711eb0878) 
thrown [s\open\src\hotspot\share\interpreter\linkResolver.cpp, line 804]
Event: 1.007 Thread 0x000001a58e3a8890 Exception <a 'java/lang/IncompatibleClassChangeError'{0x0000000711f7dcd8}: Found class java.lang.Object, but interface was expected> (0x0000000711f7dcd8) 
thrown [s\open\src\hotspot\share\interpreter\linkResolver.cpp, line 871]
Event: 1.023 Thread 0x000001a58e3a8890 Exception <a 'java/lang/NoSuchMethodError'{0x0000000711c158d0}: 'java.lang.Object java.lang.invoke.DirectMethodHandle$Holder.invokeSpecial(java.lang.Object, java.lang.Object, java.lang.Object, java.lang.Object, long)'> (0x0000000711c158d0) 
thrown [s\open\src\hotspot\share\interpreter\linkResolver.cpp, line 804]
Event: 1.024 Thread 0x000001a58e3a8890 Exception <a 'java/lang/NoSuchMethodError'{0x0000000711c26070}: 'java.lang.Object java.lang.invoke.Invokers$Holder.linkToTargetMethod(java.lang.Object, long, java.lang.Object)'> (0x0000000711c26070) 
thrown [s\open\src\hotspot\share\interpreter\linkResolver.cpp, line 804]
Event: 1.026 Thread 0x000001a58e3a8890 Exception <a 'java/lang/NoSuchMethodError'{0x0000000711c3ddb8}: 'java.lang.Object java.lang.invoke.DirectMethodHandle$Holder.newInvokeSpecial(java.lang.Object, java.lang.Object, int, java.lang.Object, java.lang.Object)'> (0x0000000711c3ddb8) 
thrown [s\open\src\hotspot\share\interpreter\linkResolver.cpp, line 804]
Event: 1.055 Thread 0x000001a58e3a8890 Exception <a 'java/lang/NoSuchMethodError'{0x0000000711d6ad50}: 'java.lang.Object java.lang.invoke.DirectMethodHandle$Holder.newInvokeSpecial(java.lang.Object, int, java.lang.Object)'> (0x0000000711d6ad50) 
thrown [s\open\src\hotspot\share\interpreter\linkResolver.cpp, line 804]
Event: 1.064 Thread 0x000001a58e3a8890 Exception <a 'java/lang/NoSuchMethodError'{0x0000000711ddc120}: 'java.lang.Object java.lang.invoke.DirectMethodHandle$Holder.invokeStatic(java.lang.Object, java.lang.Object, long)'> (0x0000000711ddc120) 
thrown [s\open\src\hotspot\share\interpreter\linkResolver.cpp, line 804]
Event: 1.068 Thread 0x000001a58e3a8890 Exception <a 'java/lang/NoSuchMethodError'{0x0000000711a07958}: 'java.lang.Object java.lang.invoke.DirectMethodHandle$Holder.invokeStatic(java.lang.Object, java.lang.Object, java.lang.Object, int, java.lang.Object, java.lang.Object)'> (0x0000000711a07958) 
thrown [s\open\src\hotspot\share\interpreter\linkResolver.cpp, line 804]
Event: 1.069 Thread 0x000001a58e3a8890 Exception <a 'java/lang/NoSuchMethodError'{0x0000000711a18510}: 'java.lang.Object java.lang.invoke.DirectMethodHandle$Holder.newInvokeSpecial(java.lang.Object, java.lang.Object, java.lang.Object, int, java.lang.Object)'> (0x0000000711a18510) 
thrown [s\open\src\hotspot\share\interpreter\linkResolver.cpp, line 804]
Event: 1.070 Thread 0x000001a58e3a8890 Exception <a 'java/lang/NoSuchMethodError'{0x0000000711a20880}: 'java.lang.Object java.lang.invoke.Invokers$Holder.linkToTargetMethod(java.lang.Object, java.lang.Object, int, java.lang.Object, java.lang.Object)'> (0x0000000711a20880) 
thrown [s\open\src\hotspot\share\interpreter\linkResolver.cpp, line 804]
Event: 1.100 Thread 0x000001a58e3a8890 Exception <a 'java/lang/NoSuchMethodError'{0x000000071185f570}: 'java.lang.Object java.lang.invoke.DelegatingMethodHandle$Holder.reinvoke_L(java.lang.Object, java.lang.Object, java.lang.Object, int, java.lang.Object, java.lang.Object)'> (0x000000071185f570) 
thrown [s\open\src\hotspot\share\interpreter\linkResolver.cpp, line 804]
Event: 1.112 Thread 0x000001a58e3a8890 Exception <a 'java/lang/NoSuchMethodError'{0x00000007118f1b20}: 'java.lang.Object java.lang.invoke.DirectMethodHandle$Holder.newInvokeSpecial(java.lang.Object, java.lang.Object, int, java.lang.Object)'> (0x00000007118f1b20) 
thrown [s\open\src\hotspot\share\interpreter\linkResolver.cpp, line 804]

VM Operations (16 events):
Event: 0.182 Executing non-safepoint VM operation: HandshakeAllThreads (Deoptimize)
Event: 0.182 Executing non-safepoint VM operation: HandshakeAllThreads (Deoptimize) done
Event: 0.237 Executing safepoint VM operation: RedefineClasses
Event: 0.239 Executing safepoint VM operation: RedefineClasses done
Event: 0.313 Executing non-safepoint VM operation: HandshakeAllThreads (Deoptimize)
Event: 0.313 Executing non-safepoint VM operation: HandshakeAllThreads (Deoptimize) done
Event: 0.699 Executing non-safepoint VM operation: HandshakeAllThreads (Deoptimize)
Event: 0.699 Executing non-safepoint VM operation: HandshakeAllThreads (Deoptimize) done
Event: 0.699 Executing non-safepoint VM operation: HandshakeAllThreads (Deoptimize)
Event: 0.699 Executing non-safepoint VM operation: HandshakeAllThreads (Deoptimize) done
Event: 0.730 Executing non-safepoint VM operation: HandshakeAllThreads (Deoptimize)
Event: 0.730 Executing non-safepoint VM operation: HandshakeAllThreads (Deoptimize) done
Event: 1.060 Executing non-safepoint VM operation: HandshakeAllThreads (Deoptimize)
Event: 1.060 Executing non-safepoint VM operation: HandshakeAllThreads (Deoptimize) done
Event: 1.083 Executing non-safepoint VM operation: HandshakeAllThreads (Deoptimize)
Event: 1.083 Executing non-safepoint VM operation: HandshakeAllThreads (Deoptimize) done

Memory protections (0 events):
No events

Nmethod flushes (0 events):
No events

Events (19 events):
Event: 0.047 Thread 0x000001a58e3a8890 Thread added: 0x000001a58e3a8890
Event: 0.066 Thread 0x000001a58e3a8890 Thread added: 0x000001a5ae39a550
Event: 0.066 Thread 0x000001a58e3a8890 Thread added: 0x000001a5ae39c890
Event: 0.066 Thread 0x000001a58e3a8890 Thread added: 0x000001a5ae3a0780
Event: 0.066 Thread 0x000001a58e3a8890 Thread added: 0x000001a5ae3a17c0
Event: 0.067 Thread 0x000001a58e3a8890 Thread added: 0x000001a5ae3a2ef0
Event: 0.067 Thread 0x000001a58e3a8890 Thread added: 0x000001a5ae3a4750
Event: 0.067 Thread 0x000001a58e3a8890 Thread added: 0x000001a5ae3ba330
Event: 0.067 Thread 0x000001a58e3a8890 Thread added: 0x000001a5ae3c5210
Event: 0.161 Thread 0x000001a5ae3c5210 Thread added: 0x000001a5ae3c9290
Event: 0.185 Thread 0x000001a5ae3c9290 Thread added: 0x000001a5ae3c6230
Event: 0.212 Thread 0x000001a58e3a8890 Thread added: 0x000001a5b31e1c70
Event: 0.240 Thread 0x000001a58e3a8890 Thread added: 0x000001a5b32e7d40
Event: 0.296 Thread 0x000001a58e3a8890 Thread added: 0x000001a5b352e040
Event: 0.296 Thread 0x000001a58e3a8890 Thread added: 0x000001a5b353d4a0
Event: 0.400 Thread 0x000001a5ae3ba330 Thread added: 0x000001a5ae3c8a80
Event: 0.870 Thread 0x000001a5ae3c6230 Thread added: 0x000001a5ae3c9aa0
Event: 1.086 Thread 0x000001a58e3a8890 Thread added: 0x000001a5b4421490
Event: 1.087 Thread 0x000001a5b4421490 Thread added: 0x000001a5b4425240


Dynamic libraries:
0x00007ff63e090000 - 0x00007ff63e09e000 	C:\Users\ladok\.jdks\openjdk-25.0.1\bin\java.exe
0x00007ffe88f20000 - 0x00007ffe89183000 	C:\WINDOWS\SYSTEM32\ntdll.dll
0x00007ffe87be0000 - 0x00007ffe87ca7000 	C:\WINDOWS\System32\KERNEL32.DLL
0x00007ffe862c0000 - 0x00007ffe86687000 	C:\WINDOWS\System32\KERNELBASE.dll
0x00007ffe82cc0000 - 0x00007ffe82d5c000 	C:\WINDOWS\SYSTEM32\apphelp.dll
0x00007ffe86860000 - 0x00007ffe869ac000 	C:\WINDOWS\System32\ucrtbase.dll
0x00007ffe81150000 - 0x00007ffe81167000 	C:\Users\ladok\.jdks\openjdk-25.0.1\bin\jli.dll
0x00007ffe80bb0000 - 0x00007ffe80bce000 	C:\Users\ladok\.jdks\openjdk-25.0.1\bin\VCRUNTIME140.dll
0x00007ffe87130000 - 0x00007ffe872f9000 	C:\WINDOWS\System32\USER32.dll
0x00007ffe869b0000 - 0x00007ffe869d7000 	C:\WINDOWS\System32\win32u.dll
0x00007ffe6cd20000 - 0x00007ffe6cfb0000 	C:\WINDOWS\WinSxS\amd64_microsoft.windows.common-controls_6595b64144ccf1df_6.0.26100.3037_none_3e09262ce333c378\COMCTL32.dll
0x00007ffe884f0000 - 0x00007ffe8851a000 	C:\WINDOWS\System32\GDI32.dll
0x00007ffe87b10000 - 0x00007ffe87bb9000 	C:\WINDOWS\System32\msvcrt.dll
0x00007ffe86730000 - 0x00007ffe8685b000 	C:\WINDOWS\System32\gdi32full.dll
0x00007ffe86a70000 - 0x00007ffe86b13000 	C:\WINDOWS\System32\msvcp_win.dll
0x00007ffe86d60000 - 0x00007ffe86d8f000 	C:\WINDOWS\System32\IMM32.DLL
0x00007ffe7f2c0000 - 0x00007ffe7f2cc000 	C:\Users\ladok\.jdks\openjdk-25.0.1\bin\vcruntime140_1.dll
0x00007ffe4a3b0000 - 0x00007ffe4a43d000 	C:\Users\ladok\.jdks\openjdk-25.0.1\bin\msvcp140.dll
0x00007ffe16d40000 - 0x00007ffe17b9f000 	C:\Users\ladok\.jdks\openjdk-25.0.1\bin\server\jvm.dll
0x00007ffe86f70000 - 0x00007ffe87024000 	C:\WINDOWS\System32\ADVAPI32.dll
0x00007ffe87a60000 - 0x00007ffe87b06000 	C:\WINDOWS\System32\sechost.dll
0x00007ffe87eb0000 - 0x00007ffe87fc6000 	C:\WINDOWS\System32\RPCRT4.dll
0x00007ffe870b0000 - 0x00007ffe87124000 	C:\WINDOWS\System32\WS2_32.dll
0x00007ffe84f50000 - 0x00007ffe84f9e000 	C:\WINDOWS\SYSTEM32\POWRPROF.dll
0x00007ffe79210000 - 0x00007ffe79246000 	C:\WINDOWS\SYSTEM32\WINMM.dll
0x00007ffe7ba70000 - 0x00007ffe7ba7b000 	C:\WINDOWS\SYSTEM32\VERSION.dll
0x00007ffe84f30000 - 0x00007ffe84f44000 	C:\WINDOWS\SYSTEM32\UMPDC.dll
0x00007ffe851d0000 - 0x00007ffe851ea000 	C:\WINDOWS\SYSTEM32\kernel.appcore.dll
0x00007ffe7f2b0000 - 0x00007ffe7f2ba000 	C:\Users\ladok\.jdks\openjdk-25.0.1\bin\jimage.dll
0x00007ffe83af0000 - 0x00007ffe83d31000 	C:\WINDOWS\SYSTEM32\DBGHELP.DLL
0x00007ffe88b30000 - 0x00007ffe88eae000 	C:\WINDOWS\System32\combase.dll
0x00007ffe88720000 - 0x00007ffe887f6000 	C:\WINDOWS\System32\OLEAUT32.dll
0x00007ffdf7f30000 - 0x00007ffdf7f69000 	C:\WINDOWS\SYSTEM32\dbgcore.DLL
0x00007ffe86690000 - 0x00007ffe86729000 	C:\WINDOWS\System32\bcryptPrimitives.dll
0x00007ffe633f0000 - 0x00007ffe63400000 	C:\Users\ladok\.jdks\openjdk-25.0.1\bin\instrument.dll
0x00007ffe7b920000 - 0x00007ffe7b93f000 	C:\Users\ladok\.jdks\openjdk-25.0.1\bin\java.dll
0x00007ffe88800000 - 0x00007ffe88995000 	C:\WINDOWS\System32\ole32.dll
0x00007ffe87300000 - 0x00007ffe87a04000 	C:\WINDOWS\System32\SHELL32.dll
0x00007ffe63390000 - 0x00007ffe633a7000 	C:\Users\ladok\.jdks\openjdk-25.0.1\bin\zip.dll
0x00007ffe83fa0000 - 0x00007ffe847d7000 	C:\WINDOWS\SYSTEM32\windows.storage.dll
0x00007ffe87dc0000 - 0x00007ffe87ea9000 	C:\WINDOWS\System32\SHCORE.dll
0x00007ffe87cb0000 - 0x00007ffe87d0d000 	C:\WINDOWS\System32\shlwapi.dll
0x00007ffe861d0000 - 0x00007ffe861fe000 	C:\WINDOWS\SYSTEM32\profapi.dll
0x00007ffe633d0000 - 0x00007ffe633e0000 	C:\Users\ladok\.jdks\openjdk-25.0.1\bin\verify.dll
0x00007ffe78800000 - 0x00007ffe78812000 	C:\Users\ladok\.jdks\openjdk-25.0.1\bin\net.dll
0x00007ffe85710000 - 0x00007ffe8577a000 	C:\WINDOWS\system32\mswsock.dll
0x00007ffe63420000 - 0x00007ffe63436000 	C:\Users\ladok\.jdks\openjdk-25.0.1\bin\nio.dll
0x00007ffe7a2f0000 - 0x00007ffe7a2f9000 	C:\Users\ladok\.jdks\openjdk-25.0.1\bin\extnet.dll
0x00007ffe859b0000 - 0x00007ffe859cc000 	C:\WINDOWS\SYSTEM32\CRYPTSP.dll
0x00007ffe85130000 - 0x00007ffe85168000 	C:\WINDOWS\system32\rsaenh.dll
0x00007ffe857b0000 - 0x00007ffe857db000 	C:\WINDOWS\SYSTEM32\USERENV.dll
0x00007ffe85bf0000 - 0x00007ffe85c16000 	C:\WINDOWS\SYSTEM32\bcrypt.dll
0x00007ffe859d0000 - 0x00007ffe859dc000 	C:\WINDOWS\SYSTEM32\CRYPTBASE.dll
0x00007ffe84b20000 - 0x00007ffe84b52000 	C:\WINDOWS\SYSTEM32\IPHLPAPI.DLL
0x00007ffe88690000 - 0x00007ffe8869a000 	C:\WINDOWS\System32\NSI.dll
0x00007ffe84bc0000 - 0x00007ffe84ce5000 	C:\WINDOWS\SYSTEM32\DNSAPI.dll
0x00007ffe7b410000 - 0x00007ffe7b41b000 	C:\Windows\System32\rasadhlp.dll
0x00007ffe7b030000 - 0x00007ffe7b0b5000 	C:\WINDOWS\System32\fwpuclnt.dll
0x00007ffe633e0000 - 0x00007ffe633ea000 	C:\Users\ladok\.jdks\openjdk-25.0.1\bin\management.dll
0x00007ffe63380000 - 0x00007ffe6338c000 	C:\Users\ladok\.jdks\openjdk-25.0.1\bin\management_ext.dll
0x00007ffe87bc0000 - 0x00007ffe87bc8000 	C:\WINDOWS\System32\PSAPI.DLL

JVMTI agents:
C:\Users\ladok\AppData\Local\JetBrains\IdeaIC2025.2\captureAgent\debugger-agent.jar path:C:\Users\ladok\.jdks\openjdk-25.0.1\bin\instrument.dll, loaded, initialized, instrumentlib options:file:///C:/Users/ladok/AppData/Local/Temp/capture4000164459551874300.props
D:\intelijd\IntelliJ IDEA Community Edition 2025.2.4\lib\idea_rt.jar path:C:\Users\ladok\.jdks\openjdk-25.0.1\bin\instrument.dll, loaded, initialized, instrumentlib options:58729

dbghelp: loaded successfully - version: 4.0.5 - missing functions: none
symbol engine: initialized successfully - sym options: 0x614 - pdb path: .;C:\Users\ladok\.jdks\openjdk-25.0.1\bin;C:\WINDOWS\SYSTEM32;C:\WINDOWS\WinSxS\amd64_microsoft.windows.common-controls_6595b64144ccf1df_6.0.26100.3037_none_3e09262ce333c378;C:\Users\ladok\.jdks\openjdk-25.0.1\bin\server

VM Arguments:
jvm_args: -javaagent:C:\Users\ladok\AppData\Local\JetBrains\IdeaIC2025.2\captureAgent\debugger-agent.jar=file:///C:/Users/ladok/AppData/Local/Temp/capture4000164459551874300.props -ea -Didea.test.cyclic.buffer.size=1048576 -javaagent:D:\intelijd\IntelliJ IDEA Community Edition 2025.2.4\lib\idea_rt.jar=58729 -Dkotlinx.coroutines.debug.enable.creation.stack.trace=false -Ddebugger.agent.enable.coroutines=true -Dkotlinx.coroutines.debug.enable.flows.stack.trace=true -Dkotlinx.coroutines.debug.enable.mutable.state.flows.stack.trace=true -Dfile.encoding=UTF-8 -Dsun.stdout.encoding=UTF-8 -Dsun.stderr.encoding=UTF-8 
java_command: com.intellij.rt.testng.RemoteTestNGStarter -usedefaultlisteners false -socket58728 @w@C:\Users\ladok\AppData\Local\Temp\idea_working_dirs_testng.tmp -temp C:\Users\ladok\AppData\Local\Temp\idea_testng.tmp
java_class_path (initial): D:\intelijd\IntelliJ IDEA Community Edition 2025.2.4\lib\idea_rt.jar;D:\intelijd\IntelliJ IDEA Community Edition 2025.2.4\plugins\testng\lib\testng-rt.jar;C:\Users\ladok\IdeaProjects\Project2\target\test-classes;C:\Users\ladok\IdeaProjects\Project2\target\classes;C:\Users\ladok\.m2\repository\org\seleniumhq\selenium\selenium-java\4.38.0\selenium-java-4.38.0.jar;C:\Users\ladok\.m2\repository\org\seleniumhq\selenium\selenium-api\4.38.0\selenium-api-4.38.0.jar;C:\Users\ladok\.m2\repository\org\jspecify\jspecify\1.0.0\jspecify-1.0.0.jar;C:\Users\ladok\.m2\repository\org\seleniumhq\selenium\selenium-chrome-driver\4.38.0\selenium-chrome-driver-4.38.0.jar;C:\Users\ladok\.m2\repository\com\google\auto\service\auto-service-annotations\1.1.1\auto-service-annotations-1.1.1.jar;C:\Users\ladok\.m2\repository\org\seleniumhq\selenium\selenium-chromium-driver\4.38.0\selenium-chromium-driver-4.38.0.jar;C:\Users\ladok\.m2\repository\org\seleniumhq\selenium\selenium-json\4.38.0\selenium-json-4.38.0.jar;C:\Users\ladok\.m2\repository\org\seleniumhq\selenium\selenium-manager\4.38.0\selenium-manager-4.38.0.jar;C:\Users\ladok\.m2\repository\org\seleniumhq\selenium\selenium-devtools-v140\4.38.0\selenium-devtools-v140-4.38.0.jar;C:\Users\ladok\.m2\repository\org\seleniumhq\selenium\selenium-devtools-v141\4.38.0\selenium-devtools-v141-4.38.0.jar;C:\Users\ladok\.m2\repository\org\seleniumhq\selenium\selenium-devtools-v142\4.38.0\selenium-devtools-v142-4.38.0.jar;C:\Users\ladok\.m2\repository\org\seleniumhq\selenium\selenium-edge-driver\4.38.0\selenium-edge-driver-4.38.0.jar;C:\Users\ladok\.m2\repository\org\seleniumhq\selenium\selenium-firefox-driver\4.38.0\selenium-firefox-driver-4.38.0.jar;C:\Users\ladok\.m2\repository\org\seleniumhq\selenium\selenium-http\4.38.0\selenium-http-4.38.0.jar;C:\Users\ladok\.m2\repository\org\seleniumhq\selenium\selenium-ie-driver\4.38.0\selenium-ie-driver-4.38.0.jar;C:\Users\ladok\.m2\repository\org\seleniumhq\selenium\selenium-remote-driver\4.38.0\selenium-remote-driver-4.38.0.jar;C:\Users\ladok\.m2\repository\com\google\guava\guava\33.5.0-jre\guava-33.5.0-jre.jar;C:\Users\ladok\.m2\repository\com\google\guava\failureaccess\1.0.3\failureaccess-1.0.3.jar;C:\Users\ladok\.m2\repository\com\google\guava\listenablefuture\9999.0-empty-to-avoid-conflict-with-guava\listenablefuture-9999.0-empty-to-avoid-conflict-with-guava.jar;C:\Users\ladok\.m2\repository\com\google\errorprone\error_prone_annotations\2.41.0\error_prone_annotations-2.41.0.jar;C:\Users\ladok\.m2\repository\com\google\j2objc\j2objc-annotations\3.1\j2objc-annotations-3.1.jar;C:\Users\ladok\.m2\repository\io\opentelemetry\opentelemetry-api\1.55.0\opentelemetry-api-1.55.0.jar;C:\Users\ladok\.m2\repository\io\opentelemetry\opentelemetry-context\1.55.0\opentelemetry-context-1.55.0.jar;C:\Users\ladok\.m2\repository\io\opentelemetry\opentelemetry-common\1.55.0\opentelemetry-common-1.55.0.jar;C:\Users\ladok\.m2\repository\io\opentelemetry\opentelemetry-exporter-logging\1.55.0\opentelemetry-exporter-logging-1.55.0.jar;C:\Users\ladok\.m2\repository\io\opentelemetry\opentelemetry-sdk-common\1.55.0\opentelemetry-sdk-common-1.55.0.jar;C:\Users\ladok\.m2\repository\io\opentelemetry\opentelemetry-sdk-extension-autoconfigure-spi\1.55.0\opentelemetry-sdk-extension-autoconfigure-spi-1.55.0.jar;C:\Users\ladok\.m2\repository\io\opentelemetry\opentelemetry-sdk-extension-autoconfigure\1.55.0\opentelemetry-sdk-extension-autoconfigure-1.55.0.jar;C:\Users\ladok\.m2\repository\io\opentelemetry\opentelemetry-sdk-trace\1.55.0\opentelemetry-sdk-trace-1.55.0.jar;C:\Users\ladok\.m2\repository\io\opentelemetry\opentelemetry-sdk\1.55.0\opentelemetry-sdk-1.55.0.jar;C:\Users\ladok\.m2\repository\io\opentelemetry\opentelemetry-sdk-metrics\1.55.0\opentelemetry-sdk-metrics-1.55.0.jar;C:\Users\ladok\.m2\repository\io\opentelemetry\opentelemetry-sdk-logs\1.55.0\opentelemetry-sdk-logs-1.55.0.jar;C:\Users\ladok\.m2\repository\net\bytebuddy\byte-buddy\1.17.8\byte-buddy-1.17.8.jar;C:\Users\ladok\.m2\repository\org\seleniumhq\selenium\selenium-os\4.38.0\selenium-os-4.38.0.jar;C:\Users\ladok\.m2\repository\org\apache\commons\commons-exec\1.5.0\commons-exec-1.5.0.jar;C:\Users\ladok\.m2\repository\org\seleniumhq\selenium\selenium-safari-driver\4.38.0\selenium-safari-driver-4.38.0.jar;C:\Users\ladok\.m2\repository\org\seleniumhq\selenium\selenium-support\4.38.0\selenium-support-4.38.0.jar;C:\Users\ladok\.m2\repository\org\testng\testng\7.9.0\testng-7.9.0.jar;C:\Users\ladok\.m2\repository\org\slf4j\slf4j-api\1.7.36\slf4j-api-1.7.36.jar;C:\Users\ladok\.m2\repository\com\beust\jcommander\1.82\jcommander-1.82.jar;C:\Users\ladok\.m2\repository\org\webjars\jquery\3.7.1\jquery-3.7.1.jar
Launcher Type: SUN_STANDARD

[Global flags]
     intx CICompilerCount                          = 12                                        {product} {ergonomic}
     uint ConcGCThreads                            = 3                                         {product} {ergonomic}
     uint G1ConcRefinementThreads                  = 13                                        {product} {ergonomic}
   size_t G1HeapRegionSize                         = 2097152                                   {product} {ergonomic}
   size_t InitialHeapSize                          = 266338304                                 {product} {ergonomic}
   size_t MarkStackSize                            = 4194304                                   {product} {ergonomic}
   size_t MarkStackSizeMax                         = 536870912                                 {product} {ergonomic}
   size_t MaxHeapSize                              = 4234149888                                {product} {ergonomic}
   size_t MaxNewSize                               = 2539651072                                {product} {ergonomic}
   size_t MinHeapDeltaBytes                        = 2097152                                   {product} {ergonomic}
   size_t MinHeapSize                              = 8388608                                   {product} {ergonomic}
    uintx NonNMethodCodeHeapSize                   = 7602176                                {pd product} {ergonomic}
    uintx NonProfiledCodeHeapSize                  = 122093568                              {pd product} {ergonomic}
    uintx ProfiledCodeHeapSize                     = 121962496                              {pd product} {ergonomic}
    uintx ReservedCodeCacheSize                    = 251658240                              {pd product} {ergonomic}
     bool SegmentedCodeCache                       = true                                      {product} {ergonomic}
   size_t SoftMaxHeapSize                          = 4234149888                             {manageable} {ergonomic}
     bool UseCompressedOops                        = true                           {product lp64_product} {ergonomic}
     bool UseG1GC                                  = true                                      {product} {ergonomic}
     bool UseLargePagesIndividualAllocation        = false                                  {pd product} {ergonomic}

Logging:
Log output configuration:
 #0: stdout all=warning uptime,level,tags foldmultilines=false
 #1: stderr all=off uptime,level,tags foldmultilines=false

Release file:
IMPLEMENTOR="Oracle Corporation" 
JAVA_RUNTIME_VERSION="25.0.1+8-27" 
JAVA_VERSION="25.0.1" 
JAVA_VERSION_DATE="2025-10-21" 
LIBC="default" 
MODULES="java.base java.compiler java.datatransfer java.xml java.prefs java.desktop java.instrument java.logging java.management java.security.sasl java.naming java.rmi java.management.rmi java.net.http java.scripting java.security.jgss java.transaction.xa java.sql java.sql.rowset java.xml.crypto java.se java.smartcardio jdk.accessibility jdk.internal.jvmstat jdk.attach jdk.charsets jdk.internal.opt jdk.zipfs jdk.compiler jdk.crypto.cryptoki jdk.crypto.ec jdk.crypto.mscapi jdk.dynalink jdk.internal.ed jdk.editpad jdk.internal.vm.ci jdk.graal.compiler jdk.graal.compiler.management jdk.hotspot.agent jdk.httpserver jdk.incubator.vector jdk.internal.le jdk.internal.md jdk.jartool jdk.javadoc jdk.jcmd jdk.management jdk.management.agent jdk.jconsole jdk.jdeps jdk.jdwp.agent jdk.jdi jdk.jfr jdk.jlink jdk.jpackage jdk.jshell jdk.jsobject jdk.jstatd jdk.localedata jdk.management.jfr jdk.naming.dns jdk.naming.rmi jdk.net jdk.nio.mapmode jdk.sctp jdk.security.auth jdk.security.jgss jdk.unsupported jdk.unsupported.desktop jdk.xml.dom" 
OS_ARCH="x86_64" 
OS_NAME="Windows" 
SOURCE=".:git:78770bfaefd2" 

Environment Variables:
PATH=C:\WINDOWS\system32;C:\WINDOWS;C:\WINDOWS\System32\Wbem;C:\WINDOWS\System32\WindowsPowerShell\v1.0\;C:\WINDOWS\System32\OpenSSH\;C:\Program Files (x86)\NVIDIA Corporation\PhysX\Common;C:\Program Files\dotnet\;C:\Program Files\NVIDIA Corporation\NVIDIA app\NvDLISR;C:\Program Files\Microsoft SQL Server\150\Tools\Binn\;C:\Users\ladok\AppData\Local\Programs\Python\Python313\Scripts\;C:\Users\ladok\AppData\Local\Programs\Python\Python313\;C:\Users\ladok\AppData\Local\Programs\Python\Launcher\;C:\Users\ladok\AppData\Local\Microsoft\WindowsApps;;D:\PyCharm 2024.3.4\bin;;D:\PyCharm Community Edition 2024.3.4\bin;;C:\Users\ladok\.dotnet\tools
USERNAME=ladok
OS=Windows_NT
PROCESSOR_IDENTIFIER=Intel64 Family 6 Model 141 Stepping 1, GenuineIntel
TMP=C:\Users\ladok\AppData\Local\Temp
TEMP=C:\Users\ladok\AppData\Local\Temp




Compilation memory statistics disabled.

Periodic native trim disabled

---------------  S Y S T E M  ---------------

OS:
 Windows 11 , 64 bit Build 26100 (10.0.26100.3037)
OS uptime: 0 days 5:14 hours
Hyper-V role detected

CPU: total 16 (initial active 16) (8 cores per cpu, 2 threads per core) family 6 model 141 stepping 1 microcode 0x3c, cx8, cmov, fxsr, ht, mmx, 3dnowpref, sse, sse2, sse3, ssse3, sse4.1, sse4.2, popcnt, lzcnt, tsc, tscinvbit, avx, avx2, aes, erms, clmul, bmi1, bmi2, adx, avx512f, avx512dq, avx512cd, avx512bw, avx512vl, sha, fma, vzeroupper, avx512_vpopcntdq, avx512_vpclmulqdq, avx512_vaes, avx512_vnni, clflush, clflushopt, clwb, avx512_vbmi2, avx512_vbmi, hv, rdtscp, rdpid, fsrm, gfni, avx512_bitalg, f16c, cet_ibt, cet_ss, avx512_ifma
Processor Information for the first 16 processors :
  Max Mhz: 2304, Current Mhz: 2304, Mhz Limit: 2304

Memory: 4k page, system-wide physical 16147M (3273M free)
TotalPageFile size 19061M (AvailPageFile size 5M)
current process WorkingSet (physical memory assigned to process): 117M, peak: 117M
current process commit charge ("private bytes"): 389M, peak: 389M

vm_info: OpenJDK 64-Bit Server VM (25.0.1+8-27) for windows-amd64 JRE (25.0.1+8-27), built on 2025-09-25T16:41:16Z with unknown MS VC++:1943

END.
